{
"contracts\\GameContract.sol":{"l":{"40":0,"41":0,"50":3,"51":3,"52":3,"53":3,"54":3,"55":3,"56":3,"61":12,"62":0,"64":12,"65":12,"66":12,"67":12,"68":12,"69":12,"73":0,"74":0,"76":0,"77":0,"80":0,"81":0,"85":8,"86":8,"87":2,"89":6,"90":6,"91":6,"95":6,"103":4,"104":4,"105":4,"107":4,"108":4,"109":4,"113":4,"114":4,"115":4,"116":4,"117":4,"118":4,"119":4,"120":4,"121":4,"122":12,"125":12,"126":0,"129":4,"132":4,"133":0,"135":4,"144":2,"148":2,"152":2,"156":2,"160":2,"168":18,"172":0,"176":0},"path":"C:\\Users\\SUDIP\\Documents\\IIITM\\Development\\Hackathons\\mirai-contracts\\contracts\\GameContract.sol","s":{"1":0,"2":12,"3":12,"4":12,"5":12,"6":0,"7":0,"8":0,"9":0,"10":0,"11":8,"12":8,"13":6,"14":6,"15":6,"16":4,"17":4,"18":4,"19":4,"20":4,"21":4,"22":4,"23":4,"24":4,"25":12,"26":12,"27":4,"28":4,"29":4,"30":2,"31":2,"32":2,"33":2,"34":2,"35":18,"36":0,"37":0},"b":{"1":[0,0],"2":[0,12],"3":[0,0],"4":[2,6],"5":[0,12],"6":[0,4]},"f":{"1":0,"2":3,"3":12,"4":0,"5":8,"6":4,"7":2,"8":2,"9":2,"10":2,"11":2,"12":18,"13":0,"14":0},"fnMap":{"1":{"name":"onlyOwner","line":39,"loc":{"start":{"line":39,"column":4},"end":{"line":42,"column":4}}},"2":{"name":"constructor","line":44,"loc":{"start":{"line":44,"column":4},"end":{"line":57,"column":4}}},"3":{"name":"signIn","line":60,"loc":{"start":{"line":60,"column":4},"end":{"line":70,"column":4}}},"4":{"name":"burn","line":72,"loc":{"start":{"line":72,"column":4},"end":{"line":82,"column":4}}},"5":{"name":"buyToken","line":84,"loc":{"start":{"line":84,"column":4},"end":{"line":96,"column":4}}},"6":{"name":"distributeToken","line":98,"loc":{"start":{"line":98,"column":4},"end":{"line":136,"column":4}}},"7":{"name":"getPlayerInfo","line":139,"loc":{"start":{"line":139,"column":4},"end":{"line":145,"column":4}}},"8":{"name":"getTokenNeededToPlay","line":147,"loc":{"start":{"line":147,"column":4},"end":{"line":149,"column":4}}},"9":{"name":"getInitialTokenGiven","line":151,"loc":{"start":{"line":151,"column":4},"end":{"line":153,"column":4}}},"10":{"name":"getNumberOfPlayers","line":155,"loc":{"start":{"line":155,"column":4},"end":{"line":157,"column":4}}},"11":{"name":"getTokenOf","line":159,"loc":{"start":{"line":159,"column":4},"end":{"line":161,"column":4}}},"12":{"name":"getConversion","line":163,"loc":{"start":{"line":163,"column":4},"end":{"line":169,"column":4}}},"13":{"name":"getTotalTokenSupply","line":171,"loc":{"start":{"line":171,"column":4},"end":{"line":173,"column":4}}},"14":{"name":"getPriceFeedDecimals","line":175,"loc":{"start":{"line":175,"column":4},"end":{"line":177,"column":4}}}},"statementMap":{"1":{"start":{"line":40,"column":8},"end":{"line":40,"column":62}},"2":{"start":{"line":61,"column":8},"end":{"line":61,"column":2058}},"3":{"start":{"line":64,"column":8},"end":{"line":64,"column":52}},"4":{"start":{"line":65,"column":8},"end":{"line":65,"column":65}},"5":{"start":{"line":69,"column":8},"end":{"line":69,"column":33}},"6":{"start":{"line":73,"column":8},"end":{"line":73,"column":2562}},"7":{"start":{"line":74,"column":12},"end":{"line":74,"column":20}},"8":{"start":{"line":76,"column":8},"end":{"line":76,"column":72}},"9":{"start":{"line":80,"column":8},"end":{"line":80,"column":70}},"10":{"start":{"line":81,"column":8},"end":{"line":81,"column":16}},"11":{"start":{"line":85,"column":8},"end":{"line":85,"column":74}},"12":{"start":{"line":86,"column":8},"end":{"line":86,"column":3091}},"13":{"start":{"line":89,"column":8},"end":{"line":89,"column":54}},"14":{"start":{"line":90,"column":8},"end":{"line":90,"column":67}},"15":{"start":{"line":95,"column":8},"end":{"line":95,"column":49}},"16":{"start":{"line":103,"column":8},"end":{"line":103,"column":65}},"17":{"start":{"line":104,"column":8},"end":{"line":104,"column":77}},"18":{"start":{"line":105,"column":8},"end":{"line":105,"column":3818}},"19":{"start":{"line":107,"column":8},"end":{"line":107,"column":67}},"20":{"start":{"line":108,"column":8},"end":{"line":108,"column":75}},"21":{"start":{"line":109,"column":8},"end":{"line":109,"column":4068}},"22":{"start":{"line":113,"column":8},"end":{"line":113,"column":53}},"23":{"start":{"line":117,"column":8},"end":{"line":117,"column":50}},"24":{"start":{"line":121,"column":8},"end":{"line":121,"column":4542}},"25":{"start":{"line":122,"column":12},"end":{"line":122,"column":4592}},"26":{"start":{"line":125,"column":12},"end":{"line":125,"column":4706}},"27":{"start":{"line":129,"column":8},"end":{"line":129,"column":4820}},"28":{"start":{"line":132,"column":8},"end":{"line":132,"column":4925}},"29":{"start":{"line":135,"column":8},"end":{"line":135,"column":43}},"30":{"start":{"line":144,"column":8},"end":{"line":144,"column":39}},"31":{"start":{"line":148,"column":8},"end":{"line":148,"column":34}},"32":{"start":{"line":152,"column":8},"end":{"line":152,"column":43}},"33":{"start":{"line":156,"column":8},"end":{"line":156,"column":32}},"34":{"start":{"line":160,"column":8},"end":{"line":160,"column":40}},"35":{"start":{"line":168,"column":8},"end":{"line":168,"column":52}},"36":{"start":{"line":172,"column":8},"end":{"line":172,"column":36}},"37":{"start":{"line":176,"column":8},"end":{"line":176,"column":37}}},"branchMap":{"1":{"line":40,"type":"if","locations":[{"start":{"line":40,"column":8},"end":{"line":40,"column":8}},{"start":{"line":40,"column":8},"end":{"line":40,"column":8}}]},"2":{"line":61,"type":"if","locations":[{"start":{"line":61,"column":8},"end":{"line":61,"column":8}},{"start":{"line":61,"column":8},"end":{"line":61,"column":8}}]},"3":{"line":73,"type":"if","locations":[{"start":{"line":73,"column":8},"end":{"line":73,"column":8}},{"start":{"line":73,"column":8},"end":{"line":73,"column":8}}]},"4":{"line":86,"type":"if","locations":[{"start":{"line":86,"column":8},"end":{"line":86,"column":8}},{"start":{"line":86,"column":8},"end":{"line":86,"column":8}}]},"5":{"line":125,"type":"if","locations":[{"start":{"line":125,"column":12},"end":{"line":125,"column":12}},{"start":{"line":125,"column":12},"end":{"line":125,"column":12}}]},"6":{"line":132,"type":"if","locations":[{"start":{"line":132,"column":8},"end":{"line":132,"column":8}},{"start":{"line":132,"column":8},"end":{"line":132,"column":8}}]}}},
"contracts\\IpfsNft.sol":{"l":{"48":3,"49":3,"50":3,"51":3,"52":3,"53":3,"54":3,"55":3,"59":0,"63":19,"64":19,"71":19,"72":19,"79":0,"80":0,"82":0,"83":0,"84":0,"85":0,"86":0,"90":0,"94":0},"path":"C:\\Users\\SUDIP\\Documents\\IIITM\\Development\\Hackathons\\mirai-contracts\\contracts\\IpfsNft.sol","s":{"1":0,"2":19,"3":19,"4":0,"5":0,"6":0,"7":0,"8":0,"9":0,"10":0,"11":0},"b":{},"f":{"1":3,"2":0,"3":19,"4":0,"5":0,"6":0},"fnMap":{"1":{"name":"constructor","line":46,"loc":{"start":{"line":37,"column":4},"end":{"line":56,"column":4}}},"2":{"name":"getInitialized","line":58,"loc":{"start":{"line":58,"column":4},"end":{"line":60,"column":4}}},"3":{"name":"requestNft","line":62,"loc":{"start":{"line":62,"column":4},"end":{"line":73,"column":4}}},"4":{"name":"fulfillRandomWords","line":75,"loc":{"start":{"line":75,"column":4},"end":{"line":87,"column":4}}},"5":{"name":"getTokenUris","line":89,"loc":{"start":{"line":89,"column":4},"end":{"line":91,"column":4}}},"6":{"name":"getTokenCounter","line":93,"loc":{"start":{"line":93,"column":4},"end":{"line":95,"column":4}}}},"statementMap":{"1":{"start":{"line":59,"column":8},"end":{"line":59,"column":30}},"2":{"start":{"line":63,"column":8},"end":{"line":63,"column":40}},"3":{"start":{"line":72,"column":8},"end":{"line":72,"column":47}},"4":{"start":{"line":79,"column":8},"end":{"line":79,"column":57}},"5":{"start":{"line":80,"column":8},"end":{"line":80,"column":43}},"6":{"start":{"line":82,"column":8},"end":{"line":82,"column":53}},"7":{"start":{"line":84,"column":8},"end":{"line":84,"column":39}},"8":{"start":{"line":85,"column":8},"end":{"line":85,"column":64}},"9":{"start":{"line":86,"column":8},"end":{"line":86,"column":34}},"10":{"start":{"line":90,"column":8},"end":{"line":90,"column":33}},"11":{"start":{"line":94,"column":8},"end":{"line":94,"column":29}}},"branchMap":{}},
"contracts\\MiraiToken.sol":{"l":{"8":3},"path":"C:\\Users\\SUDIP\\Documents\\IIITM\\Development\\Hackathons\\mirai-contracts\\contracts\\MiraiToken.sol","s":{"1":3},"b":{},"f":{"1":3},"fnMap":{"1":{"name":"constructor","line":7,"loc":{"start":{"line":7,"column":4},"end":{"line":9,"column":4}}}},"statementMap":{"1":{"start":{"line":8,"column":8},"end":{"line":8,"column":39}}},"branchMap":{}},
"contracts\\Nft-Marketplace.sol":{"l":{"62":8,"63":8,"64":0,"66":8,"74":8,"75":8,"76":0,"77":0,"79":0,"83":1,"84":1,"85":1,"87":0,"100":0,"101":0,"103":0,"104":0,"105":0,"107":0,"108":0,"117":0,"118":0,"119":0,"122":0,"124":0,"127":0,"128":0,"142":0,"143":0,"155":0,"156":0,"160":0,"161":0,"162":0,"164":0,"165":0,"166":0,"167":0,"177":0,"185":0},"path":"C:\\Users\\SUDIP\\Documents\\IIITM\\Development\\Hackathons\\mirai-contracts\\contracts\\Nft-Marketplace.sol","s":{"1":8,"2":8,"3":8,"4":8,"5":0,"6":1,"7":1,"8":0,"9":0,"10":0,"11":0,"12":0,"13":0,"14":0,"15":0,"16":0,"17":0,"18":0,"19":0,"20":0,"21":0,"22":0,"23":0},"b":{"1":[0,8],"2":[0,0],"3":[1,0],"4":[8,0],"5":[0,8],"6":[0,0],"7":[0,0],"8":[1,0],"9":[0,1],"10":[0,0],"11":[0,0],"12":[0,0],"13":[0,0],"14":[0,0],"15":[0,0],"16":[0,0]},"f":{"1":8,"2":8,"3":1,"4":0,"5":0,"6":0,"7":0,"8":0,"9":0,"10":0},"fnMap":{"1":{"name":"alreadyListed","line":57,"loc":{"start":{"line":57,"column":4},"end":{"line":67,"column":4}}},"2":{"name":"onlyOwner","line":69,"loc":{"start":{"line":69,"column":4},"end":{"line":80,"column":4}}},"3":{"name":"isListed","line":82,"loc":{"start":{"line":82,"column":4},"end":{"line":88,"column":4}}},"4":{"name":"listItem","line":98,"loc":{"start":{"line":91,"column":4},"end":{"line":109,"column":4}}},"5":{"name":"buyItem","line":115,"loc":{"start":{"line":111,"column":4},"end":{"line":135,"column":4}}},"6":{"name":"cancelItem","line":140,"loc":{"start":{"line":137,"column":4},"end":{"line":144,"column":4}}},"7":{"name":"updateItem","line":153,"loc":{"start":{"line":146,"column":4},"end":{"line":157,"column":4}}},"8":{"name":"withdrawAmount","line":159,"loc":{"start":{"line":159,"column":4},"end":{"line":169,"column":4}}},"9":{"name":"getListingInfo","line":172,"loc":{"start":{"line":172,"column":4},"end":{"line":178,"column":4}}},"10":{"name":"getAmountOwned","line":180,"loc":{"start":{"line":180,"column":4},"end":{"line":186,"column":4}}}},"statementMap":{"1":{"start":{"line":62,"column":8},"end":{"line":62,"column":60}},"2":{"start":{"line":63,"column":8},"end":{"line":63,"column":1927}},"3":{"start":{"line":74,"column":8},"end":{"line":74,"column":49}},"4":{"start":{"line":75,"column":8},"end":{"line":75,"column":52}},"5":{"start":{"line":76,"column":8},"end":{"line":76,"column":2318}},"6":{"start":{"line":83,"column":8},"end":{"line":83,"column":61}},"7":{"start":{"line":84,"column":8},"end":{"line":84,"column":2618}},"8":{"start":{"line":100,"column":8},"end":{"line":100,"column":3010}},"9":{"start":{"line":103,"column":8},"end":{"line":103,"column":60}},"10":{"start":{"line":104,"column":8},"end":{"line":104,"column":3166}},"11":{"start":{"line":108,"column":8},"end":{"line":108,"column":62}},"12":{"start":{"line":117,"column":8},"end":{"line":117,"column":61}},"13":{"start":{"line":118,"column":8},"end":{"line":118,"column":3658}},"14":{"start":{"line":127,"column":8},"end":{"line":127,"column":77}},"15":{"start":{"line":128,"column":8},"end":{"line":128,"column":4143}},"16":{"start":{"line":143,"column":8},"end":{"line":143,"column":59}},"17":{"start":{"line":156,"column":8},"end":{"line":156,"column":69}},"18":{"start":{"line":160,"column":8},"end":{"line":160,"column":52}},"19":{"start":{"line":161,"column":8},"end":{"line":161,"column":5051}},"20":{"start":{"line":165,"column":8},"end":{"line":165,"column":70}},"21":{"start":{"line":166,"column":8},"end":{"line":166,"column":5255}},"22":{"start":{"line":177,"column":8},"end":{"line":177,"column":46}},"23":{"start":{"line":185,"column":8},"end":{"line":185,"column":38}}},"branchMap":{"1":{"line":63,"type":"if","locations":[{"start":{"line":63,"column":8},"end":{"line":63,"column":8}},{"start":{"line":63,"column":8},"end":{"line":63,"column":8}}]},"2":{"line":76,"type":"if","locations":[{"start":{"line":76,"column":8},"end":{"line":76,"column":8}},{"start":{"line":76,"column":8},"end":{"line":76,"column":8}}]},"3":{"line":84,"type":"if","locations":[{"start":{"line":84,"column":8},"end":{"line":84,"column":8}},{"start":{"line":84,"column":8},"end":{"line":84,"column":8}}]},"4":{"line":97,"type":"if","locations":[{"start":{"line":97,"column":8},"end":{"line":97,"column":8}},{"start":{"line":97,"column":8},"end":{"line":97,"column":8}}]},"5":{"line":98,"type":"if","locations":[{"start":{"line":98,"column":8},"end":{"line":98,"column":8}},{"start":{"line":98,"column":8},"end":{"line":98,"column":8}}]},"6":{"line":100,"type":"if","locations":[{"start":{"line":100,"column":8},"end":{"line":100,"column":8}},{"start":{"line":100,"column":8},"end":{"line":100,"column":8}}]},"7":{"line":104,"type":"if","locations":[{"start":{"line":104,"column":8},"end":{"line":104,"column":8}},{"start":{"line":104,"column":8},"end":{"line":104,"column":8}}]},"8":{"line":114,"type":"if","locations":[{"start":{"line":114,"column":8},"end":{"line":114,"column":8}},{"start":{"line":114,"column":8},"end":{"line":114,"column":8}}]},"9":{"line":115,"type":"if","locations":[{"start":{"line":115,"column":8},"end":{"line":115,"column":8}},{"start":{"line":115,"column":8},"end":{"line":115,"column":8}}]},"10":{"line":118,"type":"if","locations":[{"start":{"line":118,"column":8},"end":{"line":118,"column":8}},{"start":{"line":118,"column":8},"end":{"line":118,"column":8}}]},"11":{"line":139,"type":"if","locations":[{"start":{"line":139,"column":8},"end":{"line":139,"column":8}},{"start":{"line":139,"column":8},"end":{"line":139,"column":8}}]},"12":{"line":140,"type":"if","locations":[{"start":{"line":140,"column":8},"end":{"line":140,"column":8}},{"start":{"line":140,"column":8},"end":{"line":140,"column":8}}]},"13":{"line":152,"type":"if","locations":[{"start":{"line":152,"column":8},"end":{"line":152,"column":8}},{"start":{"line":152,"column":8},"end":{"line":152,"column":8}}]},"14":{"line":153,"type":"if","locations":[{"start":{"line":153,"column":8},"end":{"line":153,"column":8}},{"start":{"line":153,"column":8},"end":{"line":153,"column":8}}]},"15":{"line":161,"type":"if","locations":[{"start":{"line":161,"column":8},"end":{"line":161,"column":8}},{"start":{"line":161,"column":8},"end":{"line":161,"column":8}}]},"16":{"line":166,"type":"if","locations":[{"start":{"line":166,"column":8},"end":{"line":166,"column":8}},{"start":{"line":166,"column":8},"end":{"line":166,"column":8}}]}}},
"contracts\\PriceConvertor.sol":{"l":{"12":26,"14":26,"22":0,"30":26,"31":26,"32":26},"path":"C:\\Users\\SUDIP\\Documents\\IIITM\\Development\\Hackathons\\mirai-contracts\\contracts\\PriceConvertor.sol","s":{"1":26,"2":26,"3":0,"4":26,"5":26,"6":26},"b":{},"f":{"1":26,"2":0,"3":26},"fnMap":{"1":{"name":"getPrice","line":7,"loc":{"start":{"line":7,"column":4},"end":{"line":15,"column":4}}},"2":{"name":"getResponseDecimals","line":17,"loc":{"start":{"line":17,"column":4},"end":{"line":23,"column":4}}},"3":{"name":"getConversionRate","line":26,"loc":{"start":{"line":26,"column":4},"end":{"line":33,"column":4}}}},"statementMap":{"1":{"start":{"line":12,"column":8},"end":{"line":12,"column":61}},"2":{"start":{"line":14,"column":8},"end":{"line":14,"column":30}},"3":{"start":{"line":22,"column":8},"end":{"line":22,"column":35}},"4":{"start":{"line":30,"column":8},"end":{"line":30,"column":46}},"5":{"start":{"line":31,"column":8},"end":{"line":31,"column":55}},"6":{"start":{"line":32,"column":8},"end":{"line":32,"column":29}}},"branchMap":{}},
"contracts\\test\\MockV3Aggregator.sol":{"l":{},"path":"C:\\Users\\SUDIP\\Documents\\IIITM\\Development\\Hackathons\\mirai-contracts\\contracts\\test\\MockV3Aggregator.sol","s":{},"b":{},"f":{},"fnMap":{},"statementMap":{},"branchMap":{}},
"contracts\\test\\VRFCoordinatorV2Mock.sol":{"l":{},"path":"C:\\Users\\SUDIP\\Documents\\IIITM\\Development\\Hackathons\\mirai-contracts\\contracts\\test\\VRFCoordinatorV2Mock.sol","s":{},"b":{},"f":{},"fnMap":{},"statementMap":{},"branchMap":{}}}
