TN:
SF:C:\Users\SUDIP\Documents\IIITM\Development\Hackathons\mirai-contracts\contracts\GameContract.sol
FN:39,onlyOwner
FN:44,constructor
FN:60,signIn
FN:72,burn
FN:84,buyToken
FN:98,distributeToken
FN:139,getPlayerInfo
FN:147,getTokenNeededToPlay
FN:151,getInitialTokenGiven
FN:155,getNumberOfPlayers
FN:159,getTokenOf
FN:163,getConversion
FN:171,getTotalTokenSupply
FN:175,getPriceFeedDecimals
FNF:14
FNH:10
FNDA:0,onlyOwner
FNDA:3,constructor
FNDA:12,signIn
FNDA:0,burn
FNDA:8,buyToken
FNDA:4,distributeToken
FNDA:2,getPlayerInfo
FNDA:2,getTokenNeededToPlay
FNDA:2,getInitialTokenGiven
FNDA:2,getNumberOfPlayers
FNDA:2,getTokenOf
FNDA:18,getConversion
FNDA:0,getTotalTokenSupply
FNDA:0,getPriceFeedDecimals
DA:40,0
DA:41,0
DA:50,3
DA:51,3
DA:52,3
DA:53,3
DA:54,3
DA:55,3
DA:56,3
DA:61,12
DA:62,0
DA:64,12
DA:65,12
DA:66,12
DA:67,12
DA:68,12
DA:69,12
DA:73,0
DA:74,0
DA:76,0
DA:77,0
DA:80,0
DA:81,0
DA:85,8
DA:86,8
DA:87,2
DA:89,6
DA:90,6
DA:91,6
DA:95,6
DA:103,4
DA:104,4
DA:105,4
DA:107,4
DA:108,4
DA:109,4
DA:113,4
DA:114,4
DA:115,4
DA:116,4
DA:117,4
DA:118,4
DA:119,4
DA:120,4
DA:121,4
DA:122,12
DA:125,12
DA:126,0
DA:129,4
DA:132,4
DA:133,0
DA:135,4
DA:144,2
DA:148,2
DA:152,2
DA:156,2
DA:160,2
DA:168,18
DA:172,0
DA:176,0
LF:60
LH:47
BRDA:40,1,0,0
BRDA:40,1,1,0
BRDA:61,2,0,0
BRDA:61,2,1,12
BRDA:73,3,0,0
BRDA:73,3,1,0
BRDA:86,4,0,2
BRDA:86,4,1,6
BRDA:125,5,0,0
BRDA:125,5,1,12
BRDA:132,6,0,0
BRDA:132,6,1,4
BRF:12
BRH:5
end_of_record
TN:
SF:C:\Users\SUDIP\Documents\IIITM\Development\Hackathons\mirai-contracts\contracts\IpfsNft.sol
FN:46,constructor
FN:58,getInitialized
FN:62,requestNft
FN:75,fulfillRandomWords
FN:89,getTokenUris
FN:93,getTokenCounter
FNF:6
FNH:2
FNDA:3,constructor
FNDA:0,getInitialized
FNDA:19,requestNft
FNDA:0,fulfillRandomWords
FNDA:0,getTokenUris
FNDA:0,getTokenCounter
DA:48,3
DA:49,3
DA:50,3
DA:51,3
DA:52,3
DA:53,3
DA:54,3
DA:55,3
DA:59,0
DA:63,19
DA:64,19
DA:71,19
DA:72,19
DA:79,0
DA:80,0
DA:82,0
DA:83,0
DA:84,0
DA:85,0
DA:86,0
DA:90,0
DA:94,0
LF:22
LH:12
BRF:0
BRH:0
end_of_record
TN:
SF:C:\Users\SUDIP\Documents\IIITM\Development\Hackathons\mirai-contracts\contracts\MiraiToken.sol
FN:7,constructor
FNF:1
FNH:1
FNDA:3,constructor
DA:8,3
LF:1
LH:1
BRF:0
BRH:0
end_of_record
TN:
SF:C:\Users\SUDIP\Documents\IIITM\Development\Hackathons\mirai-contracts\contracts\Nft-Marketplace.sol
FN:57,alreadyListed
FN:69,onlyOwner
FN:82,isListed
FN:98,listItem
FN:115,buyItem
FN:140,cancelItem
FN:153,updateItem
FN:159,withdrawAmount
FN:172,getListingInfo
FN:180,getAmountOwned
FNF:10
FNH:3
FNDA:8,alreadyListed
FNDA:8,onlyOwner
FNDA:1,isListed
FNDA:0,listItem
FNDA:0,buyItem
FNDA:0,cancelItem
FNDA:0,updateItem
FNDA:0,withdrawAmount
FNDA:0,getListingInfo
FNDA:0,getAmountOwned
DA:62,8
DA:63,8
DA:64,0
DA:66,8
DA:74,8
DA:75,8
DA:76,0
DA:77,0
DA:79,0
DA:83,1
DA:84,1
DA:85,1
DA:87,0
DA:100,0
DA:101,0
DA:103,0
DA:104,0
DA:105,0
DA:107,0
DA:108,0
DA:117,0
DA:118,0
DA:119,0
DA:122,0
DA:124,0
DA:127,0
DA:128,0
DA:142,0
DA:143,0
DA:155,0
DA:156,0
DA:160,0
DA:161,0
DA:162,0
DA:164,0
DA:165,0
DA:166,0
DA:167,0
DA:177,0
DA:185,0
LF:40
LH:8
BRDA:63,1,0,0
BRDA:63,1,1,8
BRDA:76,2,0,0
BRDA:76,2,1,0
BRDA:84,3,0,1
BRDA:84,3,1,0
BRDA:97,4,0,8
BRDA:97,4,1,0
BRDA:98,5,0,0
BRDA:98,5,1,8
BRDA:100,6,0,0
BRDA:100,6,1,0
BRDA:104,7,0,0
BRDA:104,7,1,0
BRDA:114,8,0,1
BRDA:114,8,1,0
BRDA:115,9,0,0
BRDA:115,9,1,1
BRDA:118,10,0,0
BRDA:118,10,1,0
BRDA:139,11,0,0
BRDA:139,11,1,0
BRDA:140,12,0,0
BRDA:140,12,1,0
BRDA:152,13,0,0
BRDA:152,13,1,0
BRDA:153,14,0,0
BRDA:153,14,1,0
BRDA:161,15,0,0
BRDA:161,15,1,0
BRDA:166,16,0,0
BRDA:166,16,1,0
BRF:32
BRH:6
end_of_record
TN:
SF:C:\Users\SUDIP\Documents\IIITM\Development\Hackathons\mirai-contracts\contracts\PriceConvertor.sol
FN:7,getPrice
FN:17,getResponseDecimals
FN:26,getConversionRate
FNF:3
FNH:2
FNDA:26,getPrice
FNDA:0,getResponseDecimals
FNDA:26,getConversionRate
DA:12,26
DA:14,26
DA:22,0
DA:30,26
DA:31,26
DA:32,26
LF:6
LH:5
BRF:0
BRH:0
end_of_record
TN:
SF:C:\Users\SUDIP\Documents\IIITM\Development\Hackathons\mirai-contracts\contracts\test\MockV3Aggregator.sol
FNF:0
FNH:0
LF:0
LH:0
BRF:0
BRH:0
end_of_record
TN:
SF:C:\Users\SUDIP\Documents\IIITM\Development\Hackathons\mirai-contracts\contracts\test\VRFCoordinatorV2Mock.sol
FNF:0
FNH:0
LF:0
LH:0
BRF:0
BRH:0
end_of_record
